ARM GAS  C:\Users\Larry\AppData\Local\Temp\ccpNFOcl.s 			page 1


   1              		.syntax unified
   2              		.cpu cortex-m0
   3              		.fpu softvfp
   4              		.eabi_attribute 20, 1
   5              		.eabi_attribute 21, 1
   6              		.eabi_attribute 23, 3
   7              		.eabi_attribute 24, 1
   8              		.eabi_attribute 25, 1
   9              		.eabi_attribute 26, 1
  10              		.eabi_attribute 30, 6
  11              		.eabi_attribute 34, 0
  12              		.eabi_attribute 18, 4
  13              		.thumb
  14              		.syntax unified
  15              		.file	"main.c"
  16              		.text
  17              	.Ltext0:
  18              		.cfi_sections	.debug_frame
  19              		.section	.text.getValidByte,"ax",%progbits
  20              		.align	2
  21              		.global	getValidByte
  22              		.code	16
  23              		.thumb_func
  24              		.type	getValidByte, %function
  25              	getValidByte:
  26              	.LFB32:
  27              		.file 1 "main.c"
   1:main.c        **** /* ========================================
   2:main.c        ****  *
   3:main.c        ****  * Copyright YOUR COMPANY, THE YEAR
   4:main.c        ****  * All Rights Reserved
   5:main.c        ****  * UNPUBLISHED, LICENSED SOFTWARE.
   6:main.c        ****  *
   7:main.c        ****  * CONFIDENTIAL AND PROPRIETARY INFORMATION
   8:main.c        ****  * WHICH IS THE PROPERTY OF your company.
   9:main.c        ****  *
  10:main.c        ****  * ========================================
  11:main.c        **** */
  12:main.c        **** #include "project.h"
  13:main.c        **** 
  14:main.c        **** 
  15:main.c        **** uint8 getValidByte(){
  28              		.loc 1 15 0
  29              		.cfi_startproc
  30              		@ args = 0, pretend = 0, frame = 8
  31              		@ frame_needed = 1, uses_anonymous_args = 0
  32 0000 80B5     		push	{r7, lr}
  33              		.cfi_def_cfa_offset 8
  34              		.cfi_offset 7, -8
  35              		.cfi_offset 14, -4
  36 0002 82B0     		sub	sp, sp, #8
  37              		.cfi_def_cfa_offset 16
  38 0004 00AF     		add	r7, sp, #0
  39              		.cfi_def_cfa_register 7
  16:main.c        ****     uint8 retval = 0u;
  40              		.loc 1 16 0
  41 0006 FB1D     		adds	r3, r7, #7
ARM GAS  C:\Users\Larry\AppData\Local\Temp\ccpNFOcl.s 			page 2


  42 0008 0022     		movs	r2, #0
  43 000a 1A70     		strb	r2, [r3]
  17:main.c        ****     while(UART_GetRxBufferSize() < 1);
  44              		.loc 1 17 0
  45 000c C046     		nop
  46              	.L2:
  47              		.loc 1 17 0 is_stmt 0 discriminator 1
  48 000e FFF7FEFF 		bl	UART_GetRxBufferSize
  49 0012 031E     		subs	r3, r0, #0
  50 0014 FBD0     		beq	.L2
  18:main.c        ****     retval = UART_GetByte();
  51              		.loc 1 18 0 is_stmt 1
  52 0016 FFF7FEFF 		bl	UART_GetByte
  53 001a 0300     		movs	r3, r0
  54 001c 1A00     		movs	r2, r3
  55 001e FB1D     		adds	r3, r7, #7
  56 0020 1A70     		strb	r2, [r3]
  19:main.c        ****     return retval;
  57              		.loc 1 19 0
  58 0022 FB1D     		adds	r3, r7, #7
  59 0024 1B78     		ldrb	r3, [r3]
  20:main.c        **** }
  60              		.loc 1 20 0
  61 0026 1800     		movs	r0, r3
  62 0028 BD46     		mov	sp, r7
  63 002a 02B0     		add	sp, sp, #8
  64              		@ sp needed
  65 002c 80BD     		pop	{r7, pc}
  66              		.cfi_endproc
  67              	.LFE32:
  68              		.size	getValidByte, .-getValidByte
  69              		.section	.text.read,"ax",%progbits
  70              		.align	2
  71              		.global	read
  72              		.code	16
  73              		.thumb_func
  74              		.type	read, %function
  75              	read:
  76              	.LFB33:
  21:main.c        **** 
  22:main.c        **** 
  23:main.c        **** uint8 read(char* obuf){
  77              		.loc 1 23 0
  78              		.cfi_startproc
  79              		@ args = 0, pretend = 0, frame = 48
  80              		@ frame_needed = 1, uses_anonymous_args = 0
  81 0000 90B5     		push	{r4, r7, lr}
  82              		.cfi_def_cfa_offset 12
  83              		.cfi_offset 4, -12
  84              		.cfi_offset 7, -8
  85              		.cfi_offset 14, -4
  86 0002 8DB0     		sub	sp, sp, #52
  87              		.cfi_def_cfa_offset 64
  88 0004 00AF     		add	r7, sp, #0
  89              		.cfi_def_cfa_register 7
  90 0006 7860     		str	r0, [r7, #4]
  24:main.c        ****     char strung[32];
ARM GAS  C:\Users\Larry\AppData\Local\Temp\ccpNFOcl.s 			page 3


  25:main.c        ****     uint8 i = 0;
  91              		.loc 1 25 0
  92 0008 2F23     		movs	r3, #47
  93 000a FB18     		adds	r3, r7, r3
  94 000c 0022     		movs	r2, #0
  95 000e 1A70     		strb	r2, [r3]
  96              	.L7:
  97              	.LBB2:
  26:main.c        ****     while(1){
  27:main.c        ****         char thisByte = getValidByte();
  98              		.loc 1 27 0
  99 0010 2E23     		movs	r3, #46
 100 0012 FC18     		adds	r4, r7, r3
 101 0014 FFF7FEFF 		bl	getValidByte
 102 0018 0300     		movs	r3, r0
 103 001a 2370     		strb	r3, [r4]
  28:main.c        ****         UART_PutChar(thisByte);
 104              		.loc 1 28 0
 105 001c 2E23     		movs	r3, #46
 106 001e FB18     		adds	r3, r7, r3
 107 0020 1B78     		ldrb	r3, [r3]
 108 0022 1800     		movs	r0, r3
 109 0024 FFF7FEFF 		bl	UART_PutChar
  29:main.c        ****         if (thisByte == '!'){
 110              		.loc 1 29 0
 111 0028 2E23     		movs	r3, #46
 112 002a FB18     		adds	r3, r7, r3
 113 002c 1B78     		ldrb	r3, [r3]
 114 002e 212B     		cmp	r3, #33
 115 0030 10D0     		beq	.L10
  30:main.c        ****             break;
  31:main.c        ****         }
  32:main.c        ****         strung[i] = thisByte;
 116              		.loc 1 32 0
 117 0032 2F23     		movs	r3, #47
 118 0034 FB18     		adds	r3, r7, r3
 119 0036 1B78     		ldrb	r3, [r3]
 120 0038 0C22     		movs	r2, #12
 121 003a BA18     		adds	r2, r7, r2
 122 003c 2E21     		movs	r1, #46
 123 003e 7918     		adds	r1, r7, r1
 124 0040 0978     		ldrb	r1, [r1]
 125 0042 D154     		strb	r1, [r2, r3]
  33:main.c        ****         i++;
 126              		.loc 1 33 0
 127 0044 2F23     		movs	r3, #47
 128 0046 FB18     		adds	r3, r7, r3
 129 0048 1A78     		ldrb	r2, [r3]
 130 004a 2F23     		movs	r3, #47
 131 004c FB18     		adds	r3, r7, r3
 132 004e 0132     		adds	r2, r2, #1
 133 0050 1A70     		strb	r2, [r3]
 134              	.LBE2:
  34:main.c        ****     }
 135              		.loc 1 34 0
 136 0052 DDE7     		b	.L7
 137              	.L10:
ARM GAS  C:\Users\Larry\AppData\Local\Temp\ccpNFOcl.s 			page 4


 138              	.LBB3:
  30:main.c        ****             break;
 139              		.loc 1 30 0
 140 0054 C046     		nop
 141              	.LBE3:
  35:main.c        ****     
  36:main.c        ****     memcpy(obuf, strung, i);
 142              		.loc 1 36 0
 143 0056 2F23     		movs	r3, #47
 144 0058 FB18     		adds	r3, r7, r3
 145 005a 1A78     		ldrb	r2, [r3]
 146 005c 0C23     		movs	r3, #12
 147 005e F918     		adds	r1, r7, r3
 148 0060 7B68     		ldr	r3, [r7, #4]
 149 0062 1800     		movs	r0, r3
 150 0064 FFF7FEFF 		bl	memcpy
  37:main.c        ****     return i;
 151              		.loc 1 37 0
 152 0068 2F23     		movs	r3, #47
 153 006a FB18     		adds	r3, r7, r3
 154 006c 1B78     		ldrb	r3, [r3]
  38:main.c        **** }
 155              		.loc 1 38 0
 156 006e 1800     		movs	r0, r3
 157 0070 BD46     		mov	sp, r7
 158 0072 0DB0     		add	sp, sp, #52
 159              		@ sp needed
 160 0074 90BD     		pop	{r4, r7, pc}
 161              		.cfi_endproc
 162              	.LFE33:
 163              		.size	read, .-read
 164 0076 C046     		.section	.rodata
 165              		.align	2
 166              	.LC0:
 167 0000 594F5520 		.ascii	"YOU WIN!!!\000"
 167      57494E21 
 167      212100
 168              		.section	.text.get_flag,"ax",%progbits
 169              		.align	2
 170              		.global	get_flag
 171              		.code	16
 172              		.thumb_func
 173              		.type	get_flag, %function
 174              	get_flag:
 175              	.LFB34:
  39:main.c        **** 
  40:main.c        **** void get_flag(){
 176              		.loc 1 40 0
 177              		.cfi_startproc
 178              		@ args = 0, pretend = 0, frame = 0
 179              		@ frame_needed = 1, uses_anonymous_args = 0
 180 0000 80B5     		push	{r7, lr}
 181              		.cfi_def_cfa_offset 8
 182              		.cfi_offset 7, -8
 183              		.cfi_offset 14, -4
 184 0002 00AF     		add	r7, sp, #0
 185              		.cfi_def_cfa_register 7
ARM GAS  C:\Users\Larry\AppData\Local\Temp\ccpNFOcl.s 			page 5


 186              	.L12:
  41:main.c        ****     while(1){
  42:main.c        ****         UART_PutString("YOU WIN!!!");
 187              		.loc 1 42 0 discriminator 1
 188 0004 024B     		ldr	r3, .L13
 189 0006 1800     		movs	r0, r3
 190 0008 FFF7FEFF 		bl	UART_PutString
  43:main.c        ****     }
 191              		.loc 1 43 0 discriminator 1
 192 000c FAE7     		b	.L12
 193              	.L14:
 194 000e C046     		.align	2
 195              	.L13:
 196 0010 00000000 		.word	.LC0
 197              		.cfi_endproc
 198              	.LFE34:
 199              		.size	get_flag, .-get_flag
 200              		.section	.rodata
 201 000b 00       		.align	2
 202              	.LC2:
 203 000c 68656C6C 		.ascii	"hello\000"
 203      6F00
 204              		.section	.text.main,"ax",%progbits
 205              		.align	2
 206              		.global	main
 207              		.code	16
 208              		.thumb_func
 209              		.type	main, %function
 210              	main:
 211              	.LFB35:
  44:main.c        **** }
  45:main.c        **** 
  46:main.c        **** int main(void)
  47:main.c        **** {
 212              		.loc 1 47 0
 213              		.cfi_startproc
 214              		@ args = 0, pretend = 0, frame = 88
 215              		@ frame_needed = 1, uses_anonymous_args = 0
 216 0000 F0B5     		push	{r4, r5, r6, r7, lr}
 217              		.cfi_def_cfa_offset 20
 218              		.cfi_offset 4, -20
 219              		.cfi_offset 5, -16
 220              		.cfi_offset 6, -12
 221              		.cfi_offset 7, -8
 222              		.cfi_offset 14, -4
 223 0002 97B0     		sub	sp, sp, #92
 224              		.cfi_def_cfa_offset 112
 225 0004 00AF     		add	r7, sp, #0
 226              		.cfi_def_cfa_register 7
  48:main.c        ****     CyGlobalIntEnable; /* Enable global interrupts. */
 227              		.loc 1 48 0
 228              		.syntax divided
 229              	@ 48 "main.c" 1
 230 0006 62B6     		CPSIE   i
 231              	@ 0 "" 2
  49:main.c        **** 
  50:main.c        ****     /* Place your initialization/startup code here (e.g. MyInst_Start()) */
ARM GAS  C:\Users\Larry\AppData\Local\Temp\ccpNFOcl.s 			page 6


  51:main.c        ****     UART_Start();
 232              		.loc 1 51 0
 233              		.thumb
 234              		.syntax unified
 235 0008 FFF7FEFF 		bl	UART_Start
  52:main.c        ****     //char dummy[1] ;
  53:main.c        ****     //dummy[0] = 0;
  54:main.c        ****     char * password = "hello";
 236              		.loc 1 54 0
 237 000c 3B4B     		ldr	r3, .L20
 238 000e 3B65     		str	r3, [r7, #80]
 239              	.L19:
 240              	.LBB4:
  55:main.c        ****     
  56:main.c        ****     for(;;)
  57:main.c        ****     {
 241              		.loc 1 57 0
 242 0010 6B46     		mov	r3, sp
 243 0012 7B60     		str	r3, [r7, #4]
  58:main.c        ****       char strunged[32];
  59:main.c        ****       uint8 i = read(strunged);
 244              		.loc 1 59 0
 245 0014 2F23     		movs	r3, #47
 246 0016 2022     		movs	r2, #32
 247 0018 BA18     		adds	r2, r7, r2
 248 001a D618     		adds	r6, r2, r3
 249 001c 2423     		movs	r3, #36
 250 001e FB18     		adds	r3, r7, r3
 251 0020 1800     		movs	r0, r3
 252 0022 FFF7FEFF 		bl	read
 253 0026 0300     		movs	r3, r0
 254 0028 3370     		strb	r3, [r6]
  60:main.c        ****       char strung2electricboogaloo[i + 1];
 255              		.loc 1 60 0
 256 002a 2F23     		movs	r3, #47
 257 002c 2022     		movs	r2, #32
 258 002e 9446     		mov	ip, r2
 259 0030 BC44     		add	ip, ip, r7
 260 0032 6344     		add	r3, r3, ip
 261 0034 1B78     		ldrb	r3, [r3]
 262 0036 0133     		adds	r3, r3, #1
 263 0038 5A1E     		subs	r2, r3, #1
 264 003a BA64     		str	r2, [r7, #72]
 265 003c 1A00     		movs	r2, r3
 266 003e 3A61     		str	r2, [r7, #16]
 267 0040 0022     		movs	r2, #0
 268 0042 7A61     		str	r2, [r7, #20]
 269 0044 3869     		ldr	r0, [r7, #16]
 270 0046 7969     		ldr	r1, [r7, #20]
 271 0048 0200     		movs	r2, r0
 272 004a 520F     		lsrs	r2, r2, #29
 273 004c 0E00     		movs	r6, r1
 274 004e F500     		lsls	r5, r6, #3
 275 0050 1543     		orrs	r5, r2
 276 0052 0200     		movs	r2, r0
 277 0054 D400     		lsls	r4, r2, #3
 278 0056 1A00     		movs	r2, r3
ARM GAS  C:\Users\Larry\AppData\Local\Temp\ccpNFOcl.s 			page 7


 279 0058 BA60     		str	r2, [r7, #8]
 280 005a 0022     		movs	r2, #0
 281 005c FA60     		str	r2, [r7, #12]
 282 005e B868     		ldr	r0, [r7, #8]
 283 0060 F968     		ldr	r1, [r7, #12]
 284 0062 0200     		movs	r2, r0
 285 0064 520F     		lsrs	r2, r2, #29
 286 0066 0E00     		movs	r6, r1
 287 0068 F600     		lsls	r6, r6, #3
 288 006a FE61     		str	r6, [r7, #28]
 289 006c FE69     		ldr	r6, [r7, #28]
 290 006e 1643     		orrs	r6, r2
 291 0070 FE61     		str	r6, [r7, #28]
 292 0072 0200     		movs	r2, r0
 293 0074 D200     		lsls	r2, r2, #3
 294 0076 BA61     		str	r2, [r7, #24]
 295 0078 0733     		adds	r3, r3, #7
 296 007a DB08     		lsrs	r3, r3, #3
 297 007c DB00     		lsls	r3, r3, #3
 298 007e 6A46     		mov	r2, sp
 299 0080 D31A     		subs	r3, r2, r3
 300 0082 9D46     		mov	sp, r3
 301 0084 6B46     		mov	r3, sp
 302 0086 0033     		adds	r3, r3, #0
 303 0088 7B64     		str	r3, [r7, #68]
 304              	.LBB5:
  61:main.c        ****       for(int k = i-1; k >= 0; k--){
 305              		.loc 1 61 0
 306 008a 2F23     		movs	r3, #47
 307 008c 2022     		movs	r2, #32
 308 008e 9446     		mov	ip, r2
 309 0090 BC44     		add	ip, ip, r7
 310 0092 6344     		add	r3, r3, ip
 311 0094 1B78     		ldrb	r3, [r3]
 312 0096 013B     		subs	r3, r3, #1
 313 0098 7B65     		str	r3, [r7, #84]
 314 009a 12E0     		b	.L16
 315              	.L17:
  62:main.c        ****         strung2electricboogaloo[i-k-1] = strunged[k];
 316              		.loc 1 62 0 discriminator 3
 317 009c 2F23     		movs	r3, #47
 318 009e 2022     		movs	r2, #32
 319 00a0 9446     		mov	ip, r2
 320 00a2 BC44     		add	ip, ip, r7
 321 00a4 6344     		add	r3, r3, ip
 322 00a6 1A78     		ldrb	r2, [r3]
 323 00a8 7B6D     		ldr	r3, [r7, #84]
 324 00aa D31A     		subs	r3, r2, r3
 325 00ac 013B     		subs	r3, r3, #1
 326 00ae 2422     		movs	r2, #36
 327 00b0 B918     		adds	r1, r7, r2
 328 00b2 7A6D     		ldr	r2, [r7, #84]
 329 00b4 8A18     		adds	r2, r1, r2
 330 00b6 1178     		ldrb	r1, [r2]
 331 00b8 7A6C     		ldr	r2, [r7, #68]
 332 00ba D154     		strb	r1, [r2, r3]
  61:main.c        ****       for(int k = i-1; k >= 0; k--){
ARM GAS  C:\Users\Larry\AppData\Local\Temp\ccpNFOcl.s 			page 8


 333              		.loc 1 61 0 discriminator 3
 334 00bc 7B6D     		ldr	r3, [r7, #84]
 335 00be 013B     		subs	r3, r3, #1
 336 00c0 7B65     		str	r3, [r7, #84]
 337              	.L16:
  61:main.c        ****       for(int k = i-1; k >= 0; k--){
 338              		.loc 1 61 0 is_stmt 0 discriminator 1
 339 00c2 7B6D     		ldr	r3, [r7, #84]
 340 00c4 002B     		cmp	r3, #0
 341 00c6 E9DA     		bge	.L17
 342              	.LBE5:
  63:main.c        ****       }
  64:main.c        ****       strung2electricboogaloo[i] = '!';
 343              		.loc 1 64 0 is_stmt 1
 344 00c8 2F23     		movs	r3, #47
 345 00ca 2022     		movs	r2, #32
 346 00cc 9446     		mov	ip, r2
 347 00ce BC44     		add	ip, ip, r7
 348 00d0 6344     		add	r3, r3, ip
 349 00d2 1B78     		ldrb	r3, [r3]
 350 00d4 7A6C     		ldr	r2, [r7, #68]
 351 00d6 2121     		movs	r1, #33
 352 00d8 D154     		strb	r1, [r2, r3]
  65:main.c        ****       //strung2electricboogaloo[i + 1] = '\x00';
  66:main.c        ****       UART_PutChar('\n');
 353              		.loc 1 66 0
 354 00da 0A20     		movs	r0, #10
 355 00dc FFF7FEFF 		bl	UART_PutChar
  67:main.c        ****       UART_PutString(strung2electricboogaloo);
 356              		.loc 1 67 0
 357 00e0 7B6C     		ldr	r3, [r7, #68]
 358 00e2 1800     		movs	r0, r3
 359 00e4 FFF7FEFF 		bl	UART_PutString
  68:main.c        ****       
  69:main.c        ****       if(strung2electricboogaloo == password){
 360              		.loc 1 69 0
 361 00e8 7A6C     		ldr	r2, [r7, #68]
 362 00ea 3B6D     		ldr	r3, [r7, #80]
 363 00ec 9A42     		cmp	r2, r3
 364 00ee 01D1     		bne	.L18
  70:main.c        ****          get_flag();   
 365              		.loc 1 70 0
 366 00f0 FFF7FEFF 		bl	get_flag
 367              	.L18:
 368 00f4 7B68     		ldr	r3, [r7, #4]
 369 00f6 9D46     		mov	sp, r3
 370              	.LBE4:
  71:main.c        ****       }
  72:main.c        ****     }
 371              		.loc 1 72 0
 372 00f8 8AE7     		b	.L19
 373              	.L21:
 374 00fa C046     		.align	2
 375              	.L20:
 376 00fc 0C000000 		.word	.LC2
 377              		.cfi_endproc
 378              	.LFE35:
ARM GAS  C:\Users\Larry\AppData\Local\Temp\ccpNFOcl.s 			page 9


 379              		.size	main, .-main
 380              		.text
 381              	.Letext0:
 382              		.file 2 "Generated_Source\\PSoC4/cytypes.h"
 383              		.section	.debug_info,"",%progbits
 384              	.Ldebug_info0:
 385 0000 BD010000 		.4byte	0x1bd
 386 0004 0400     		.2byte	0x4
 387 0006 00000000 		.4byte	.Ldebug_abbrev0
 388 000a 04       		.byte	0x4
 389 000b 01       		.uleb128 0x1
 390 000c 4D000000 		.4byte	.LASF22
 391 0010 0C       		.byte	0xc
 392 0011 F1010000 		.4byte	.LASF23
 393 0015 2B010000 		.4byte	.LASF24
 394 0019 18000000 		.4byte	.Ldebug_ranges0+0x18
 395 001d 00000000 		.4byte	0
 396 0021 00000000 		.4byte	.Ldebug_line0
 397 0025 02       		.uleb128 0x2
 398 0026 01       		.byte	0x1
 399 0027 06       		.byte	0x6
 400 0028 DC010000 		.4byte	.LASF0
 401 002c 02       		.uleb128 0x2
 402 002d 01       		.byte	0x1
 403 002e 08       		.byte	0x8
 404 002f 19000000 		.4byte	.LASF1
 405 0033 02       		.uleb128 0x2
 406 0034 02       		.byte	0x2
 407 0035 05       		.byte	0x5
 408 0036 A5010000 		.4byte	.LASF2
 409 003a 02       		.uleb128 0x2
 410 003b 02       		.byte	0x2
 411 003c 07       		.byte	0x7
 412 003d 00000000 		.4byte	.LASF3
 413 0041 02       		.uleb128 0x2
 414 0042 04       		.byte	0x4
 415 0043 05       		.byte	0x5
 416 0044 C7010000 		.4byte	.LASF4
 417 0048 02       		.uleb128 0x2
 418 0049 04       		.byte	0x4
 419 004a 07       		.byte	0x7
 420 004b 2E000000 		.4byte	.LASF5
 421 004f 02       		.uleb128 0x2
 422 0050 08       		.byte	0x8
 423 0051 05       		.byte	0x5
 424 0052 89010000 		.4byte	.LASF6
 425 0056 02       		.uleb128 0x2
 426 0057 08       		.byte	0x8
 427 0058 07       		.byte	0x7
 428 0059 07010000 		.4byte	.LASF7
 429 005d 03       		.uleb128 0x3
 430 005e 04       		.byte	0x4
 431 005f 05       		.byte	0x5
 432 0060 696E7400 		.ascii	"int\000"
 433 0064 02       		.uleb128 0x2
 434 0065 04       		.byte	0x4
 435 0066 07       		.byte	0x7
ARM GAS  C:\Users\Larry\AppData\Local\Temp\ccpNFOcl.s 			page 10


 436 0067 FA000000 		.4byte	.LASF8
 437 006b 04       		.uleb128 0x4
 438 006c 40000000 		.4byte	.LASF25
 439 0070 02       		.byte	0x2
 440 0071 E401     		.2byte	0x1e4
 441 0073 2C000000 		.4byte	0x2c
 442 0077 02       		.uleb128 0x2
 443 0078 04       		.byte	0x4
 444 0079 04       		.byte	0x4
 445 007a 13000000 		.4byte	.LASF9
 446 007e 02       		.uleb128 0x2
 447 007f 08       		.byte	0x8
 448 0080 04       		.byte	0x4
 449 0081 E4000000 		.4byte	.LASF10
 450 0085 02       		.uleb128 0x2
 451 0086 01       		.byte	0x1
 452 0087 08       		.byte	0x8
 453 0088 A0010000 		.4byte	.LASF11
 454 008c 02       		.uleb128 0x2
 455 008d 08       		.byte	0x8
 456 008e 04       		.byte	0x4
 457 008f D0010000 		.4byte	.LASF12
 458 0093 02       		.uleb128 0x2
 459 0094 04       		.byte	0x4
 460 0095 07       		.byte	0x7
 461 0096 80010000 		.4byte	.LASF13
 462 009a 05       		.uleb128 0x5
 463 009b 04       		.byte	0x4
 464 009c 85000000 		.4byte	0x85
 465 00a0 06       		.uleb128 0x6
 466 00a1 1E010000 		.4byte	.LASF26
 467 00a5 01       		.byte	0x1
 468 00a6 0F       		.byte	0xf
 469 00a7 6B000000 		.4byte	0x6b
 470 00ab 00000000 		.4byte	.LFB32
 471 00af 2E000000 		.4byte	.LFE32-.LFB32
 472 00b3 01       		.uleb128 0x1
 473 00b4 9C       		.byte	0x9c
 474 00b5 C8000000 		.4byte	0xc8
 475 00b9 07       		.uleb128 0x7
 476 00ba 27000000 		.4byte	.LASF14
 477 00be 01       		.byte	0x1
 478 00bf 10       		.byte	0x10
 479 00c0 6B000000 		.4byte	0x6b
 480 00c4 02       		.uleb128 0x2
 481 00c5 91       		.byte	0x91
 482 00c6 77       		.sleb128 -9
 483 00c7 00       		.byte	0
 484 00c8 08       		.uleb128 0x8
 485 00c9 F0000000 		.4byte	.LASF17
 486 00cd 01       		.byte	0x1
 487 00ce 17       		.byte	0x17
 488 00cf 6B000000 		.4byte	0x6b
 489 00d3 00000000 		.4byte	.LFB33
 490 00d7 76000000 		.4byte	.LFE33-.LFB33
 491 00db 01       		.uleb128 0x1
 492 00dc 9C       		.byte	0x9c
ARM GAS  C:\Users\Larry\AppData\Local\Temp\ccpNFOcl.s 			page 11


 493 00dd 1E010000 		.4byte	0x11e
 494 00e1 09       		.uleb128 0x9
 495 00e2 F5000000 		.4byte	.LASF27
 496 00e6 01       		.byte	0x1
 497 00e7 17       		.byte	0x17
 498 00e8 9A000000 		.4byte	0x9a
 499 00ec 02       		.uleb128 0x2
 500 00ed 91       		.byte	0x91
 501 00ee 44       		.sleb128 -60
 502 00ef 07       		.uleb128 0x7
 503 00f0 46000000 		.4byte	.LASF15
 504 00f4 01       		.byte	0x1
 505 00f5 18       		.byte	0x18
 506 00f6 1E010000 		.4byte	0x11e
 507 00fa 02       		.uleb128 0x2
 508 00fb 91       		.byte	0x91
 509 00fc 4C       		.sleb128 -52
 510 00fd 0A       		.uleb128 0xa
 511 00fe 6900     		.ascii	"i\000"
 512 0100 01       		.byte	0x1
 513 0101 19       		.byte	0x19
 514 0102 6B000000 		.4byte	0x6b
 515 0106 02       		.uleb128 0x2
 516 0107 91       		.byte	0x91
 517 0108 6F       		.sleb128 -17
 518 0109 0B       		.uleb128 0xb
 519 010a 00000000 		.4byte	.Ldebug_ranges0+0
 520 010e 07       		.uleb128 0x7
 521 010f DB000000 		.4byte	.LASF16
 522 0113 01       		.byte	0x1
 523 0114 1B       		.byte	0x1b
 524 0115 85000000 		.4byte	0x85
 525 0119 02       		.uleb128 0x2
 526 011a 91       		.byte	0x91
 527 011b 6E       		.sleb128 -18
 528 011c 00       		.byte	0
 529 011d 00       		.byte	0
 530 011e 0C       		.uleb128 0xc
 531 011f 85000000 		.4byte	0x85
 532 0123 2E010000 		.4byte	0x12e
 533 0127 0D       		.uleb128 0xd
 534 0128 93000000 		.4byte	0x93
 535 012c 1F       		.byte	0x1f
 536 012d 00       		.byte	0
 537 012e 0E       		.uleb128 0xe
 538 012f E8010000 		.4byte	.LASF28
 539 0133 01       		.byte	0x1
 540 0134 28       		.byte	0x28
 541 0135 00000000 		.4byte	.LFB34
 542 0139 14000000 		.4byte	.LFE34-.LFB34
 543 013d 01       		.uleb128 0x1
 544 013e 9C       		.byte	0x9c
 545 013f 08       		.uleb128 0x8
 546 0140 EB000000 		.4byte	.LASF18
 547 0144 01       		.byte	0x1
 548 0145 2E       		.byte	0x2e
 549 0146 5D000000 		.4byte	0x5d
ARM GAS  C:\Users\Larry\AppData\Local\Temp\ccpNFOcl.s 			page 12


 550 014a 00000000 		.4byte	.LFB35
 551 014e 00010000 		.4byte	.LFE35-.LFB35
 552 0152 01       		.uleb128 0x1
 553 0153 9C       		.byte	0x9c
 554 0154 B1010000 		.4byte	0x1b1
 555 0158 07       		.uleb128 0x7
 556 0159 F8010000 		.4byte	.LASF19
 557 015d 01       		.byte	0x1
 558 015e 36       		.byte	0x36
 559 015f 9A000000 		.4byte	0x9a
 560 0163 02       		.uleb128 0x2
 561 0164 91       		.byte	0x91
 562 0165 60       		.sleb128 -32
 563 0166 0F       		.uleb128 0xf
 564 0167 10000000 		.4byte	.LBB4
 565 016b E8000000 		.4byte	.LBE4-.LBB4
 566 016f 07       		.uleb128 0x7
 567 0170 97010000 		.4byte	.LASF20
 568 0174 01       		.byte	0x1
 569 0175 3A       		.byte	0x3a
 570 0176 1E010000 		.4byte	0x11e
 571 017a 03       		.uleb128 0x3
 572 017b 91       		.byte	0x91
 573 017c B47F     		.sleb128 -76
 574 017e 0A       		.uleb128 0xa
 575 017f 6900     		.ascii	"i\000"
 576 0181 01       		.byte	0x1
 577 0182 3B       		.byte	0x3b
 578 0183 6B000000 		.4byte	0x6b
 579 0187 02       		.uleb128 0x2
 580 0188 91       		.byte	0x91
 581 0189 5F       		.sleb128 -33
 582 018a 07       		.uleb128 0x7
 583 018b AF010000 		.4byte	.LASF21
 584 018f 01       		.byte	0x1
 585 0190 3C       		.byte	0x3c
 586 0191 B1010000 		.4byte	0x1b1
 587 0195 03       		.uleb128 0x3
 588 0196 91       		.byte	0x91
 589 0197 54       		.sleb128 -44
 590 0198 06       		.byte	0x6
 591 0199 0F       		.uleb128 0xf
 592 019a 8A000000 		.4byte	.LBB5
 593 019e 3E000000 		.4byte	.LBE5-.LBB5
 594 01a2 0A       		.uleb128 0xa
 595 01a3 6B00     		.ascii	"k\000"
 596 01a5 01       		.byte	0x1
 597 01a6 3D       		.byte	0x3d
 598 01a7 5D000000 		.4byte	0x5d
 599 01ab 02       		.uleb128 0x2
 600 01ac 91       		.byte	0x91
 601 01ad 64       		.sleb128 -28
 602 01ae 00       		.byte	0
 603 01af 00       		.byte	0
 604 01b0 00       		.byte	0
 605 01b1 10       		.uleb128 0x10
 606 01b2 85000000 		.4byte	0x85
ARM GAS  C:\Users\Larry\AppData\Local\Temp\ccpNFOcl.s 			page 13


 607 01b6 11       		.uleb128 0x11
 608 01b7 93000000 		.4byte	0x93
 609 01bb 03       		.uleb128 0x3
 610 01bc 91       		.byte	0x91
 611 01bd 58       		.sleb128 -40
 612 01be 06       		.byte	0x6
 613 01bf 00       		.byte	0
 614 01c0 00       		.byte	0
 615              		.section	.debug_abbrev,"",%progbits
 616              	.Ldebug_abbrev0:
 617 0000 01       		.uleb128 0x1
 618 0001 11       		.uleb128 0x11
 619 0002 01       		.byte	0x1
 620 0003 25       		.uleb128 0x25
 621 0004 0E       		.uleb128 0xe
 622 0005 13       		.uleb128 0x13
 623 0006 0B       		.uleb128 0xb
 624 0007 03       		.uleb128 0x3
 625 0008 0E       		.uleb128 0xe
 626 0009 1B       		.uleb128 0x1b
 627 000a 0E       		.uleb128 0xe
 628 000b 55       		.uleb128 0x55
 629 000c 17       		.uleb128 0x17
 630 000d 11       		.uleb128 0x11
 631 000e 01       		.uleb128 0x1
 632 000f 10       		.uleb128 0x10
 633 0010 17       		.uleb128 0x17
 634 0011 00       		.byte	0
 635 0012 00       		.byte	0
 636 0013 02       		.uleb128 0x2
 637 0014 24       		.uleb128 0x24
 638 0015 00       		.byte	0
 639 0016 0B       		.uleb128 0xb
 640 0017 0B       		.uleb128 0xb
 641 0018 3E       		.uleb128 0x3e
 642 0019 0B       		.uleb128 0xb
 643 001a 03       		.uleb128 0x3
 644 001b 0E       		.uleb128 0xe
 645 001c 00       		.byte	0
 646 001d 00       		.byte	0
 647 001e 03       		.uleb128 0x3
 648 001f 24       		.uleb128 0x24
 649 0020 00       		.byte	0
 650 0021 0B       		.uleb128 0xb
 651 0022 0B       		.uleb128 0xb
 652 0023 3E       		.uleb128 0x3e
 653 0024 0B       		.uleb128 0xb
 654 0025 03       		.uleb128 0x3
 655 0026 08       		.uleb128 0x8
 656 0027 00       		.byte	0
 657 0028 00       		.byte	0
 658 0029 04       		.uleb128 0x4
 659 002a 16       		.uleb128 0x16
 660 002b 00       		.byte	0
 661 002c 03       		.uleb128 0x3
 662 002d 0E       		.uleb128 0xe
 663 002e 3A       		.uleb128 0x3a
ARM GAS  C:\Users\Larry\AppData\Local\Temp\ccpNFOcl.s 			page 14


 664 002f 0B       		.uleb128 0xb
 665 0030 3B       		.uleb128 0x3b
 666 0031 05       		.uleb128 0x5
 667 0032 49       		.uleb128 0x49
 668 0033 13       		.uleb128 0x13
 669 0034 00       		.byte	0
 670 0035 00       		.byte	0
 671 0036 05       		.uleb128 0x5
 672 0037 0F       		.uleb128 0xf
 673 0038 00       		.byte	0
 674 0039 0B       		.uleb128 0xb
 675 003a 0B       		.uleb128 0xb
 676 003b 49       		.uleb128 0x49
 677 003c 13       		.uleb128 0x13
 678 003d 00       		.byte	0
 679 003e 00       		.byte	0
 680 003f 06       		.uleb128 0x6
 681 0040 2E       		.uleb128 0x2e
 682 0041 01       		.byte	0x1
 683 0042 3F       		.uleb128 0x3f
 684 0043 19       		.uleb128 0x19
 685 0044 03       		.uleb128 0x3
 686 0045 0E       		.uleb128 0xe
 687 0046 3A       		.uleb128 0x3a
 688 0047 0B       		.uleb128 0xb
 689 0048 3B       		.uleb128 0x3b
 690 0049 0B       		.uleb128 0xb
 691 004a 49       		.uleb128 0x49
 692 004b 13       		.uleb128 0x13
 693 004c 11       		.uleb128 0x11
 694 004d 01       		.uleb128 0x1
 695 004e 12       		.uleb128 0x12
 696 004f 06       		.uleb128 0x6
 697 0050 40       		.uleb128 0x40
 698 0051 18       		.uleb128 0x18
 699 0052 9642     		.uleb128 0x2116
 700 0054 19       		.uleb128 0x19
 701 0055 01       		.uleb128 0x1
 702 0056 13       		.uleb128 0x13
 703 0057 00       		.byte	0
 704 0058 00       		.byte	0
 705 0059 07       		.uleb128 0x7
 706 005a 34       		.uleb128 0x34
 707 005b 00       		.byte	0
 708 005c 03       		.uleb128 0x3
 709 005d 0E       		.uleb128 0xe
 710 005e 3A       		.uleb128 0x3a
 711 005f 0B       		.uleb128 0xb
 712 0060 3B       		.uleb128 0x3b
 713 0061 0B       		.uleb128 0xb
 714 0062 49       		.uleb128 0x49
 715 0063 13       		.uleb128 0x13
 716 0064 02       		.uleb128 0x2
 717 0065 18       		.uleb128 0x18
 718 0066 00       		.byte	0
 719 0067 00       		.byte	0
 720 0068 08       		.uleb128 0x8
ARM GAS  C:\Users\Larry\AppData\Local\Temp\ccpNFOcl.s 			page 15


 721 0069 2E       		.uleb128 0x2e
 722 006a 01       		.byte	0x1
 723 006b 3F       		.uleb128 0x3f
 724 006c 19       		.uleb128 0x19
 725 006d 03       		.uleb128 0x3
 726 006e 0E       		.uleb128 0xe
 727 006f 3A       		.uleb128 0x3a
 728 0070 0B       		.uleb128 0xb
 729 0071 3B       		.uleb128 0x3b
 730 0072 0B       		.uleb128 0xb
 731 0073 27       		.uleb128 0x27
 732 0074 19       		.uleb128 0x19
 733 0075 49       		.uleb128 0x49
 734 0076 13       		.uleb128 0x13
 735 0077 11       		.uleb128 0x11
 736 0078 01       		.uleb128 0x1
 737 0079 12       		.uleb128 0x12
 738 007a 06       		.uleb128 0x6
 739 007b 40       		.uleb128 0x40
 740 007c 18       		.uleb128 0x18
 741 007d 9642     		.uleb128 0x2116
 742 007f 19       		.uleb128 0x19
 743 0080 01       		.uleb128 0x1
 744 0081 13       		.uleb128 0x13
 745 0082 00       		.byte	0
 746 0083 00       		.byte	0
 747 0084 09       		.uleb128 0x9
 748 0085 05       		.uleb128 0x5
 749 0086 00       		.byte	0
 750 0087 03       		.uleb128 0x3
 751 0088 0E       		.uleb128 0xe
 752 0089 3A       		.uleb128 0x3a
 753 008a 0B       		.uleb128 0xb
 754 008b 3B       		.uleb128 0x3b
 755 008c 0B       		.uleb128 0xb
 756 008d 49       		.uleb128 0x49
 757 008e 13       		.uleb128 0x13
 758 008f 02       		.uleb128 0x2
 759 0090 18       		.uleb128 0x18
 760 0091 00       		.byte	0
 761 0092 00       		.byte	0
 762 0093 0A       		.uleb128 0xa
 763 0094 34       		.uleb128 0x34
 764 0095 00       		.byte	0
 765 0096 03       		.uleb128 0x3
 766 0097 08       		.uleb128 0x8
 767 0098 3A       		.uleb128 0x3a
 768 0099 0B       		.uleb128 0xb
 769 009a 3B       		.uleb128 0x3b
 770 009b 0B       		.uleb128 0xb
 771 009c 49       		.uleb128 0x49
 772 009d 13       		.uleb128 0x13
 773 009e 02       		.uleb128 0x2
 774 009f 18       		.uleb128 0x18
 775 00a0 00       		.byte	0
 776 00a1 00       		.byte	0
 777 00a2 0B       		.uleb128 0xb
ARM GAS  C:\Users\Larry\AppData\Local\Temp\ccpNFOcl.s 			page 16


 778 00a3 0B       		.uleb128 0xb
 779 00a4 01       		.byte	0x1
 780 00a5 55       		.uleb128 0x55
 781 00a6 17       		.uleb128 0x17
 782 00a7 00       		.byte	0
 783 00a8 00       		.byte	0
 784 00a9 0C       		.uleb128 0xc
 785 00aa 01       		.uleb128 0x1
 786 00ab 01       		.byte	0x1
 787 00ac 49       		.uleb128 0x49
 788 00ad 13       		.uleb128 0x13
 789 00ae 01       		.uleb128 0x1
 790 00af 13       		.uleb128 0x13
 791 00b0 00       		.byte	0
 792 00b1 00       		.byte	0
 793 00b2 0D       		.uleb128 0xd
 794 00b3 21       		.uleb128 0x21
 795 00b4 00       		.byte	0
 796 00b5 49       		.uleb128 0x49
 797 00b6 13       		.uleb128 0x13
 798 00b7 2F       		.uleb128 0x2f
 799 00b8 0B       		.uleb128 0xb
 800 00b9 00       		.byte	0
 801 00ba 00       		.byte	0
 802 00bb 0E       		.uleb128 0xe
 803 00bc 2E       		.uleb128 0x2e
 804 00bd 00       		.byte	0
 805 00be 3F       		.uleb128 0x3f
 806 00bf 19       		.uleb128 0x19
 807 00c0 03       		.uleb128 0x3
 808 00c1 0E       		.uleb128 0xe
 809 00c2 3A       		.uleb128 0x3a
 810 00c3 0B       		.uleb128 0xb
 811 00c4 3B       		.uleb128 0x3b
 812 00c5 0B       		.uleb128 0xb
 813 00c6 11       		.uleb128 0x11
 814 00c7 01       		.uleb128 0x1
 815 00c8 12       		.uleb128 0x12
 816 00c9 06       		.uleb128 0x6
 817 00ca 40       		.uleb128 0x40
 818 00cb 18       		.uleb128 0x18
 819 00cc 9642     		.uleb128 0x2116
 820 00ce 19       		.uleb128 0x19
 821 00cf 00       		.byte	0
 822 00d0 00       		.byte	0
 823 00d1 0F       		.uleb128 0xf
 824 00d2 0B       		.uleb128 0xb
 825 00d3 01       		.byte	0x1
 826 00d4 11       		.uleb128 0x11
 827 00d5 01       		.uleb128 0x1
 828 00d6 12       		.uleb128 0x12
 829 00d7 06       		.uleb128 0x6
 830 00d8 00       		.byte	0
 831 00d9 00       		.byte	0
 832 00da 10       		.uleb128 0x10
 833 00db 01       		.uleb128 0x1
 834 00dc 01       		.byte	0x1
ARM GAS  C:\Users\Larry\AppData\Local\Temp\ccpNFOcl.s 			page 17


 835 00dd 49       		.uleb128 0x49
 836 00de 13       		.uleb128 0x13
 837 00df 00       		.byte	0
 838 00e0 00       		.byte	0
 839 00e1 11       		.uleb128 0x11
 840 00e2 21       		.uleb128 0x21
 841 00e3 00       		.byte	0
 842 00e4 49       		.uleb128 0x49
 843 00e5 13       		.uleb128 0x13
 844 00e6 2F       		.uleb128 0x2f
 845 00e7 18       		.uleb128 0x18
 846 00e8 00       		.byte	0
 847 00e9 00       		.byte	0
 848 00ea 00       		.byte	0
 849              		.section	.debug_aranges,"",%progbits
 850 0000 34000000 		.4byte	0x34
 851 0004 0200     		.2byte	0x2
 852 0006 00000000 		.4byte	.Ldebug_info0
 853 000a 04       		.byte	0x4
 854 000b 00       		.byte	0
 855 000c 0000     		.2byte	0
 856 000e 0000     		.2byte	0
 857 0010 00000000 		.4byte	.LFB32
 858 0014 2E000000 		.4byte	.LFE32-.LFB32
 859 0018 00000000 		.4byte	.LFB33
 860 001c 76000000 		.4byte	.LFE33-.LFB33
 861 0020 00000000 		.4byte	.LFB34
 862 0024 14000000 		.4byte	.LFE34-.LFB34
 863 0028 00000000 		.4byte	.LFB35
 864 002c 00010000 		.4byte	.LFE35-.LFB35
 865 0030 00000000 		.4byte	0
 866 0034 00000000 		.4byte	0
 867              		.section	.debug_ranges,"",%progbits
 868              	.Ldebug_ranges0:
 869 0000 10000000 		.4byte	.LBB2
 870 0004 52000000 		.4byte	.LBE2
 871 0008 54000000 		.4byte	.LBB3
 872 000c 56000000 		.4byte	.LBE3
 873 0010 00000000 		.4byte	0
 874 0014 00000000 		.4byte	0
 875 0018 00000000 		.4byte	.LFB32
 876 001c 2E000000 		.4byte	.LFE32
 877 0020 00000000 		.4byte	.LFB33
 878 0024 76000000 		.4byte	.LFE33
 879 0028 00000000 		.4byte	.LFB34
 880 002c 14000000 		.4byte	.LFE34
 881 0030 00000000 		.4byte	.LFB35
 882 0034 00010000 		.4byte	.LFE35
 883 0038 00000000 		.4byte	0
 884 003c 00000000 		.4byte	0
 885              		.section	.debug_line,"",%progbits
 886              	.Ldebug_line0:
 887 0000 C4000000 		.section	.debug_str,"MS",%progbits,1
 887      02004100 
 887      00000201 
 887      FB0E0D00 
 887      01010101 
ARM GAS  C:\Users\Larry\AppData\Local\Temp\ccpNFOcl.s 			page 18


 888              	.LASF3:
 889 0000 73686F72 		.ascii	"short unsigned int\000"
 889      7420756E 
 889      7369676E 
 889      65642069 
 889      6E7400
 890              	.LASF9:
 891 0013 666C6F61 		.ascii	"float\000"
 891      7400
 892              	.LASF1:
 893 0019 756E7369 		.ascii	"unsigned char\000"
 893      676E6564 
 893      20636861 
 893      7200
 894              	.LASF14:
 895 0027 72657476 		.ascii	"retval\000"
 895      616C00
 896              	.LASF5:
 897 002e 6C6F6E67 		.ascii	"long unsigned int\000"
 897      20756E73 
 897      69676E65 
 897      6420696E 
 897      7400
 898              	.LASF25:
 899 0040 75696E74 		.ascii	"uint8\000"
 899      3800
 900              	.LASF15:
 901 0046 73747275 		.ascii	"strung\000"
 901      6E6700
 902              	.LASF22:
 903 004d 474E5520 		.ascii	"GNU C11 5.4.1 20160609 (release) [ARM/embedded-5-br"
 903      43313120 
 903      352E342E 
 903      31203230 
 903      31363036 
 904 0080 616E6368 		.ascii	"anch revision 237715] -mcpu=cortex-m0 -mthumb -g -O"
 904      20726576 
 904      6973696F 
 904      6E203233 
 904      37373135 
 905 00b3 30202D66 		.ascii	"0 -ffunction-sections -ffat-lto-objects\000"
 905      66756E63 
 905      74696F6E 
 905      2D736563 
 905      74696F6E 
 906              	.LASF16:
 907 00db 74686973 		.ascii	"thisByte\000"
 907      42797465 
 907      00
 908              	.LASF10:
 909 00e4 646F7562 		.ascii	"double\000"
 909      6C6500
 910              	.LASF18:
 911 00eb 6D61696E 		.ascii	"main\000"
 911      00
 912              	.LASF17:
 913 00f0 72656164 		.ascii	"read\000"
ARM GAS  C:\Users\Larry\AppData\Local\Temp\ccpNFOcl.s 			page 19


 913      00
 914              	.LASF27:
 915 00f5 6F627566 		.ascii	"obuf\000"
 915      00
 916              	.LASF8:
 917 00fa 756E7369 		.ascii	"unsigned int\000"
 917      676E6564 
 917      20696E74 
 917      00
 918              	.LASF7:
 919 0107 6C6F6E67 		.ascii	"long long unsigned int\000"
 919      206C6F6E 
 919      6720756E 
 919      7369676E 
 919      65642069 
 920              	.LASF26:
 921 011e 67657456 		.ascii	"getValidByte\000"
 921      616C6964 
 921      42797465 
 921      00
 922              	.LASF24:
 923 012b 433A5C55 		.ascii	"C:\\Users\\Larry\\Documents\\PSoC Creator\\bwsi\\UA"
 923      73657273 
 923      5C4C6172 
 923      72795C44 
 923      6F63756D 
 924 0158 52545265 		.ascii	"RTReverse\\Workspace01\\UARTReverse.cydsn\000"
 924      76657273 
 924      655C576F 
 924      726B7370 
 924      61636530 
 925              	.LASF13:
 926 0180 73697A65 		.ascii	"sizetype\000"
 926      74797065 
 926      00
 927              	.LASF6:
 928 0189 6C6F6E67 		.ascii	"long long int\000"
 928      206C6F6E 
 928      6720696E 
 928      7400
 929              	.LASF20:
 930 0197 73747275 		.ascii	"strunged\000"
 930      6E676564 
 930      00
 931              	.LASF11:
 932 01a0 63686172 		.ascii	"char\000"
 932      00
 933              	.LASF2:
 934 01a5 73686F72 		.ascii	"short int\000"
 934      7420696E 
 934      7400
 935              	.LASF21:
 936 01af 73747275 		.ascii	"strung2electricboogaloo\000"
 936      6E673265 
 936      6C656374 
 936      72696362 
 936      6F6F6761 
ARM GAS  C:\Users\Larry\AppData\Local\Temp\ccpNFOcl.s 			page 20


 937              	.LASF4:
 938 01c7 6C6F6E67 		.ascii	"long int\000"
 938      20696E74 
 938      00
 939              	.LASF12:
 940 01d0 6C6F6E67 		.ascii	"long double\000"
 940      20646F75 
 940      626C6500 
 941              	.LASF0:
 942 01dc 7369676E 		.ascii	"signed char\000"
 942      65642063 
 942      68617200 
 943              	.LASF28:
 944 01e8 6765745F 		.ascii	"get_flag\000"
 944      666C6167 
 944      00
 945              	.LASF23:
 946 01f1 6D61696E 		.ascii	"main.c\000"
 946      2E6300
 947              	.LASF19:
 948 01f8 70617373 		.ascii	"password\000"
 948      776F7264 
 948      00
 949              		.ident	"GCC: (GNU Tools for ARM Embedded Processors) 5.4.1 20160609 (release) [ARM/embedded-5-bran
